

        Input node list
   n        x           y

   1     0.00000     0.00000
   2     0.02000     0.00000
   3     0.04000     0.00000
   4     0.06000     0.00000
   5     0.08000     0.00000
   6     0.10000     0.00000
   7     0.00000     0.02000
   8     0.02000     0.02000
   9     0.04000     0.02000
  10     0.06000     0.02000
  11     0.08000     0.02000
  12     0.10000     0.02000
  13     0.00000     0.04000
  14     0.02000     0.04000
  15     0.04000     0.04000
  16     0.06000     0.04000
  17     0.08000     0.04000
  18     0.10000     0.04000
  19     0.00000     0.06000
  20     0.02000     0.06000
  21     0.04000     0.06000
  22     0.06000     0.06000
  23     0.08000     0.06000
  24     0.10000     0.06000
  25     0.00000     0.08000
  26     0.02000     0.08000
  27     0.04000     0.08000
  28     0.06000     0.08000
  29     0.08000     0.08000
  30     0.10000     0.08000
  31     0.00000     0.10000
  32     0.02000     0.10000
  33     0.04000     0.10000
  34     0.06000     0.10000


      Input element list
   i     j     k      Source

   1     2     7  0.0000    
   2     3     8  0.0000    
   3     4     9  0.0000    
   4     5    10  0.0000    
   5     6    11  0.0000    
   7     8    13  0.0000    
   8     9    14  0.0000    
   9    10    15  0.0000    
  10    11    16  0.0000    
  11    12    17  0.0000    
  13    14    19  0.0000    
  14    15    20  0.0000    
  15    16    21  0.0000    
  16    17    22  0.0000    
  17    18    23  0.0000    
  19    20    25  0.0000    
  20    21    26  0.0000    
  21    22    27  0.0000    
  22    23    28  0.0000    
  23    24    29  0.0000    
  25    26    31  0.0000    
  26    27    32  0.0000    
  27    28    33  0.0000    
   8     7     2  0.0000    
   9     8     3  0.0000    
  10     9     4  0.0000    
  11    10     5  0.0000    
  12    11     6  0.0000    
  14    13     8  0.0000    
  15    14     9  0.0000    
  16    15    10  0.0000    
  17    16    11  0.0000    
  18    17    12  0.0000    
  20    19    14  0.0000    
  21    20    15  0.0000    
  22    21    16  0.0000    
  23    22    17  0.0000    
  24    23    18  0.0000    
  26    25    20  0.0000    
  27    26    21  0.0000    
  28    27    22  0.0000    
  29    28    23  0.0000    
  30    29    24  0.0000    
  32    31    26  0.0000    
  33    32    27  0.0000    
  34    33    28  0.0000    


     Input fixed potentials
      node            value

        1            0.00000
        2            0.00000
        3            0.00000
        4            0.00000
        5            0.00000
        6            0.00000
        7            0.00000
       13            0.00000
       19            0.00000
       25            0.00000
       31            0.00000
       28          110.00000
       29          110.00000
       30          110.00000
       34          110.00000


            Final solution
   i        x         y       potential

   1     0.00000   0.00000      0.00000
   2     0.02000   0.00000      0.00000
   3     0.04000   0.00000      0.00000
   4     0.06000   0.00000      0.00000
   5     0.08000   0.00000      0.00000
   6     0.10000   0.00000      0.00000
   7     0.00000   0.02000      0.00000
   8     0.02000   0.02000      7.01856
   9     0.04000   0.02000     13.65193
  10     0.06000   0.02000     19.11069
  11     0.08000   0.02000     22.26431
  12     0.10000   0.02000     23.25688
  13     0.00000   0.04000      0.00000
  14     0.02000   0.04000     14.42229
  15     0.04000   0.04000     28.47848
  16     0.06000   0.04000     40.52651
  17     0.08000   0.04000     46.68968
  18     0.10000   0.04000     48.49887
  19     0.00000   0.06000      0.00000
  20     0.02000   0.06000     22.19213
  21     0.04000   0.06000     45.31320
  22     0.06000   0.06000     67.82719
  23     0.08000   0.06000     75.46903
  24     0.10000   0.06000     77.35924
  25     0.00000   0.08000      0.00000
  26     0.02000   0.08000     29.03301
  27     0.04000   0.08000     62.75499
  28     0.06000   0.08000    110.00000
  29     0.08000   0.08000    110.00000
  30     0.10000   0.08000    110.00000
  31     0.00000   0.10000      0.00000
  32     0.02000   0.10000     31.18494
  33     0.04000   0.10000     66.67373
  34     0.06000   0.10000    110.00000
